[debug] [2023-12-20T12:51:48.625Z] ----------------------------------------------------------------------
[debug] [2023-12-20T12:51:48.626Z] Command:       /usr/local/bin/node /usr/local/bin/firebase init
[debug] [2023-12-20T12:51:48.626Z] CLI Version:   12.8.1
[debug] [2023-12-20T12:51:48.626Z] Platform:      darwin
[debug] [2023-12-20T12:51:48.626Z] Node Version:  v18.17.1
[debug] [2023-12-20T12:51:48.627Z] Time:          Wed Dec 20 2023 18:21:48 GMT+0530 (India Standard Time)
[debug] [2023-12-20T12:51:48.627Z] ----------------------------------------------------------------------
[debug] 
[debug] [2023-12-20T12:51:48.630Z] > command requires scopes: ["email","openid","https://www.googleapis.com/auth/cloudplatformprojects.readonly","https://www.googleapis.com/auth/firebase","https://www.googleapis.com/auth/cloud-platform"]
[debug] [2023-12-20T12:51:48.630Z] > authorizing via signed-in user (addy2354@gmail.com)
[info] 
     ######## #### ########  ######## ########     ###     ######  ########
     ##        ##  ##     ## ##       ##     ##  ##   ##  ##       ##
     ######    ##  ########  ######   ########  #########  ######  ######
     ##        ##  ##    ##  ##       ##     ## ##     ##       ## ##
     ##       #### ##     ## ######## ########  ##     ##  ######  ########

You're about to initialize a Firebase project in this directory:

  /Users/adeeljaved/Documents/amazon-clone/amazon-clone

[info] 
=== Project Setup
[info] 
[info] First, let's associate this project directory with a Firebase project.
[info] You can create multiple project aliases by running firebase use --add, 
[info] but for now we'll just set up a default project.
[info] 
[debug] [2023-12-20T12:52:53.225Z] >>> [apiv2][query] GET https://firebase.googleapis.com/v1beta1/projects pageSize=100
[debug] [2023-12-20T12:52:54.115Z] <<< [apiv2][status] GET https://firebase.googleapis.com/v1beta1/projects 200
[debug] [2023-12-20T12:52:54.116Z] <<< [apiv2][body] GET https://firebase.googleapis.com/v1beta1/projects [omitted]
[info] i  Using project clone-e0935 (amazon-clone) 
[info] 
=== Hosting Setup
[info] 
[info] Your public directory is the folder (relative to your project directory) that
[info] will contain Hosting assets to be uploaded with firebase deploy. If you
[info] have a build process for your assets, use your build's output directory.
[info] 
[debug] [2023-12-20T12:54:03.564Z] >>> [apiv2][query] GET https://www.gstatic.com/firebasejs/releases.json [none]
[debug] [2023-12-20T12:54:03.679Z] <<< [apiv2][status] GET https://www.gstatic.com/firebasejs/releases.json 200
[debug] [2023-12-20T12:54:03.680Z] <<< [apiv2][body] GET https://www.gstatic.com/firebasejs/releases.json {"current":{"version":"10.7.1","browserURL":"https://www.gstatic.com/firebasejs/10.7.1/firebase.js","packageURL":"https://www.gstatic.com/firebasejs/10.7.1/firebase.tgz"},"live":{"version":"10.7","browserURL":"https://www.gstatic.com/firebasejs/live/10.7/firebase.js","packageURL":"https://www.gstatic.com/firebasejs/live/10.7/firebase.tgz"},"components":{"analytics":"https://www.gstatic.com/firebasejs/10.7.1/firebase-analytics.js","app":"https://www.gstatic.com/firebasejs/10.7.1/firebase-app.js","app-check":"https://www.gstatic.com/firebasejs/10.7.1/firebase-app-check.js","auth":"https://www.gstatic.com/firebasejs/10.7.1/firebase-auth.js","auth/cordova":"https://www.gstatic.com/firebasejs/10.7.1/firebase-auth/cordova.js","functions":"https://www.gstatic.com/firebasejs/10.7.1/firebase-functions.js","firestore":"https://www.gstatic.com/firebasejs/10.7.1/firebase-firestore.js","firestore/lite":"https://www.gstatic.com/firebasejs/10.7.1/firebase-firestore/lite.js","installations":"https://www.gstatic.com/firebasejs/10.7.1/firebase-installations.js","storage":"https://www.gstatic.com/firebasejs/10.7.1/firebase-storage.js","performance":"https://www.gstatic.com/firebasejs/10.7.1/firebase-performance.js","remote-config":"https://www.gstatic.com/firebasejs/10.7.1/firebase-remote-config.js","messaging":"https://www.gstatic.com/firebasejs/10.7.1/firebase-messaging.js","messaging/sw":"https://www.gstatic.com/firebasejs/10.7.1/firebase-messaging/sw.js","database":"https://www.gstatic.com/firebasejs/10.7.1/firebase-database.js","firestore.memory":"https://www.gstatic.com/firebasejs/10.7.1/firebase-firestore.memory.js"}}
[info] ✔  Wrote build/index.html 
[info] 
[info] i  Detected a .git folder at /Users/adeeljaved/Documents/amazon-clone/amazon-clone 
[info] i  Authorizing with GitHub to upload your service account to a GitHub repository's secrets store. 
[info] 
[info] Visit this URL on this device to log in:
[info] https://github.com/login/oauth/authorize?client_id=89cf50f02ac6aaed3484&state=1070518615&redirect_uri=http%3A%2F%2Flocalhost%3A9005&scope=read%3Auser%20repo%20public_repo
[info] 
[info] Waiting for authentication...
[debug] [2023-12-20T12:54:14.703Z] >>> [apiv2][query] POST https://github.com/login/oauth/access_token [none]
[debug] [2023-12-20T12:54:14.703Z] >>> [apiv2][body] POST https://github.com/login/oauth/access_token [stream]
[debug] [2023-12-20T12:54:15.120Z] <<< [apiv2][status] POST https://github.com/login/oauth/access_token 200
[debug] [2023-12-20T12:54:15.121Z] <<< [apiv2][body] POST https://github.com/login/oauth/access_token {"access_token":"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","token_type":"bearer","scope":"read:user,repo"}
[debug] [2023-12-20T12:54:15.138Z] >>> [apiv2][query] GET https://api.github.com/user [none]
[debug] [2023-12-20T12:54:15.587Z] <<< [apiv2][status] GET https://api.github.com/user 200
[debug] [2023-12-20T12:54:15.588Z] <<< [apiv2][body] GET https://api.github.com/user {"login":"adeel-015","id":93484102,"node_id":"U_kgDOBZJ0Rg","avatar_url":"https://avatars.githubusercontent.com/u/93484102?v=4","gravatar_id":"","url":"https://api.github.com/users/adeel-015","html_url":"https://github.com/adeel-015","followers_url":"https://api.github.com/users/adeel-015/followers","following_url":"https://api.github.com/users/adeel-015/following{/other_user}","gists_url":"https://api.github.com/users/adeel-015/gists{/gist_id}","starred_url":"https://api.github.com/users/adeel-015/starred{/owner}{/repo}","subscriptions_url":"https://api.github.com/users/adeel-015/subscriptions","organizations_url":"https://api.github.com/users/adeel-015/orgs","repos_url":"https://api.github.com/users/adeel-015/repos","events_url":"https://api.github.com/users/adeel-015/events{/privacy}","received_events_url":"https://api.github.com/users/adeel-015/received_events","type":"User","site_admin":false,"name":"Adeel Javed","company":null,"blog":"","location":null,"email":null,"hireable":null,"bio":null,"twitter_username":null,"public_repos":25,"public_gists":0,"followers":9,"following":16,"created_at":"2021-10-31T16:07:28Z","updated_at":"2023-12-01T14:03:39Z","private_gists":0,"total_private_repos":0,"owned_private_repos":0,"disk_usage":51599,"collaborators":0,"two_factor_authentication":true,"plan":{"name":"pro","space":976562499,"collaborators":0,"private_repos":9999}}
[info] 
[info] ✔  Success! Logged into GitHub as adeel-015 
[info] 
